<?xml version="1.0" encoding="UTF-8"?>
<!-- Generated by org.testng.reporters.JUnitReportReporter -->
<testsuite hostname="Vasundhara" failures="0" tests="3" name="selenium.SeleniumTest" time="195.300" errors="0" timestamp="24 Nov 2020 21:06:02 GMT" skipped="0">
  <testcase classname="selenium.SeleniumTest" name="Scenario5Test" time="84.952"/>
  <testcase classname="selenium.SeleniumTest" name="Scenario4Test" time="53.035"/>
  <testcase classname="selenium.SeleniumTest" name="Scenario3Test" time="57.313"/>
</testsuite> <!-- selenium.SeleniumTest -->
